<?xml version="1.0" encoding="UTF-8"?>
<robot generator="Robot 4.1 (Python 3.9.6 on darwin)" generated="20211205 21:50:15.195" rpa="false" schemaversion="2">
<suite id="s1" name="Amazon" source="/Users/ruangguru/Desktop/Work/Automation FIle/Learn Robot Framework/UI/FirstScript/Tests/Amazon.robot">
<test id="s1-t1" name="User must sign in to check out">
<kw name="Open Browser" library="SeleniumLibrary">
<arg>${WEBSITE}</arg>
<arg>${BROWSER}</arg>
<doc>Opens a new browser instance to the optional ``url``.</doc>
<msg timestamp="20211205 21:50:15.290" level="INFO">Opening browser 'gc' to base url 'https://www.saucedemo.com'.</msg>
<status status="PASS" starttime="20211205 21:50:15.290" endtime="20211205 21:50:18.882"/>
</kw>
<kw name="Input Text" library="SeleniumLibrary">
<arg>id:user-name</arg>
<arg>standard_user</arg>
<doc>Types the given ``text`` into the text field identified by ``locator``.</doc>
<msg timestamp="20211205 21:50:18.883" level="INFO">Typing text 'standard_user' into text field 'id:user-name'.</msg>
<status status="PASS" starttime="20211205 21:50:18.882" endtime="20211205 21:50:18.976"/>
</kw>
<kw name="Input Password" library="SeleniumLibrary">
<arg>id:password</arg>
<arg>secret_sauce</arg>
<doc>Types the given password into the text field identified by ``locator``.</doc>
<msg timestamp="20211205 21:50:18.977" level="INFO">Typing password into text field 'id:password'.</msg>
<msg timestamp="20211205 21:50:18.995" level="INFO">Temporally setting log level to: NONE</msg>
<msg timestamp="20211205 21:50:19.017" level="INFO">Log level changed from NONE to INFO.</msg>
<status status="PASS" starttime="20211205 21:50:18.977" endtime="20211205 21:50:19.017"/>
</kw>
<kw name="Click Element" library="SeleniumLibrary">
<arg>id:login-button</arg>
<doc>Click the element identified by ``locator``.</doc>
<msg timestamp="20211205 21:50:19.017" level="INFO">Clicking element 'id:login-button'.</msg>
<status status="PASS" starttime="20211205 21:50:19.017" endtime="20211205 21:50:19.058"/>
</kw>
<kw name="Close Browser" library="SeleniumLibrary">
<doc>Closes the current browser.</doc>
<status status="PASS" starttime="20211205 21:50:19.058" endtime="20211205 21:50:19.120"/>
</kw>
<doc>User should be able to login with valid user and pass</doc>
<tag>Reggression</tag>
<status status="PASS" starttime="20211205 21:50:15.290" endtime="20211205 21:50:19.120"/>
</test>
<test id="s1-t2" name="User should be able to sign out">
<kw name="Open Browser" library="SeleniumLibrary">
<arg>${WEBSITE}</arg>
<arg>${BROWSER}</arg>
<doc>Opens a new browser instance to the optional ``url``.</doc>
<msg timestamp="20211205 21:50:19.121" level="INFO">Opening browser 'gc' to base url 'https://www.saucedemo.com'.</msg>
<status status="PASS" starttime="20211205 21:50:19.121" endtime="20211205 21:50:21.271"/>
</kw>
<kw name="Input Text" library="SeleniumLibrary">
<arg>id:user-name</arg>
<arg>standard_user</arg>
<doc>Types the given ``text`` into the text field identified by ``locator``.</doc>
<msg timestamp="20211205 21:50:21.271" level="INFO">Typing text 'standard_user' into text field 'id:user-name'.</msg>
<status status="PASS" starttime="20211205 21:50:21.271" endtime="20211205 21:50:21.347"/>
</kw>
<kw name="Input Password" library="SeleniumLibrary">
<arg>id:password</arg>
<arg>secret_sauce</arg>
<doc>Types the given password into the text field identified by ``locator``.</doc>
<msg timestamp="20211205 21:50:21.348" level="INFO">Typing password into text field 'id:password'.</msg>
<msg timestamp="20211205 21:50:21.368" level="INFO">Temporally setting log level to: NONE</msg>
<msg timestamp="20211205 21:50:21.389" level="INFO">Log level changed from NONE to INFO.</msg>
<status status="PASS" starttime="20211205 21:50:21.347" endtime="20211205 21:50:21.389"/>
</kw>
<kw name="Click Element" library="SeleniumLibrary">
<arg>id:login-button</arg>
<doc>Click the element identified by ``locator``.</doc>
<msg timestamp="20211205 21:50:21.390" level="INFO">Clicking element 'id:login-button'.</msg>
<status status="PASS" starttime="20211205 21:50:21.389" endtime="20211205 21:50:21.428"/>
</kw>
<kw name="Click Element" library="SeleniumLibrary">
<arg>id:react-burger-menu-btn</arg>
<doc>Click the element identified by ``locator``.</doc>
<msg timestamp="20211205 21:50:21.429" level="INFO">Clicking element 'id:react-burger-menu-btn'.</msg>
<status status="PASS" starttime="20211205 21:50:21.428" endtime="20211205 21:50:21.453"/>
</kw>
<kw name="Wait Until Element Is Visible" library="SeleniumLibrary">
<arg>id:logout_sidebar_link</arg>
<doc>Waits until the element ``locator`` is visible.</doc>
<status status="PASS" starttime="20211205 21:50:21.453" endtime="20211205 21:50:21.696"/>
</kw>
<kw name="Click Element" library="SeleniumLibrary">
<arg>id:logout_sidebar_link</arg>
<doc>Click the element identified by ``locator``.</doc>
<msg timestamp="20211205 21:50:21.697" level="INFO">Clicking element 'id:logout_sidebar_link'.</msg>
<status status="PASS" starttime="20211205 21:50:21.697" endtime="20211205 21:50:21.722"/>
</kw>
<doc>User should be able to login with valid user and pass</doc>
<tag>Reggression</tag>
<status status="PASS" starttime="20211205 21:50:19.120" endtime="20211205 21:50:21.722"/>
</test>
<doc>This is some basic info about the whole suit</doc>
<status status="PASS" starttime="20211205 21:50:15.195" endtime="20211205 21:50:21.723"/>
</suite>
<statistics>
<total>
<stat pass="2" fail="0" skip="0">All Tests</stat>
</total>
<tag>
<stat pass="2" fail="0" skip="0">Reggression</stat>
</tag>
<suite>
<stat pass="2" fail="0" skip="0" id="s1" name="Amazon">Amazon</stat>
</suite>
</statistics>
<errors>
</errors>
</robot>
