<?xml version="1.0" encoding="UTF-8"?>
<robot generator="Robot 4.1 (Python 3.9.6 on darwin)" generated="20220412 12:31:31.321" rpa="false" schemaversion="2">
<suite id="s1" name="Ruangguru" source="/Users/ruangguru/Desktop/Work/Automation FIle/Learn Robot Framework/UI/AndroidTest/ruangguru.robot">
<test id="s1-t1" name="User should be able to input flight Jakarta to Padang">
<kw name="Given Open Android app">
<kw name="Open Application" library="AppiumLibrary">
<arg>${REMOTE_URL}</arg>
<arg>automationName=${AUTOMATION_NAME}</arg>
<arg>platformName=${PLATFORM_NAME_ANDROID}</arg>
<arg>deviceName=${DEVICE_NAME_ANDROID}</arg>
<arg>appPackage=${APP_PACKAGE}</arg>
<arg>noReset=${RESET_OFF}</arg>
<arg>appActivity=${AppAct}</arg>
<doc>Opens a new application to given Appium server.
Capabilities of appium server, Android and iOS,
Please check https://github.com/appium/appium/blob/master/docs/en/writing-running-appium/server-args.md
| *Option*            | *Man.* | *Description*     |
| remote_url          | Yes    | Appium server url |
| alias               | no     | alias             |</doc>
<status status="PASS" starttime="20220412 12:31:31.471" endtime="20220412 12:31:38.072"/>
</kw>
<status status="PASS" starttime="20220412 12:31:31.471" endtime="20220412 12:31:38.073"/>
</kw>
<doc>User should be able to input flight Jakarta to Padang</doc>
<tag>Testid = 1</tag>
<status status="PASS" starttime="20220412 12:31:31.471" endtime="20220412 12:31:38.073"/>
</test>
<doc>This script starts apps on two phones</doc>
<status status="PASS" starttime="20220412 12:31:31.322" endtime="20220412 12:31:38.076"/>
</suite>
<statistics>
<total>
<stat pass="1" fail="0" skip="0">All Tests</stat>
</total>
<tag>
<stat pass="1" fail="0" skip="0">Testid = 1</stat>
</tag>
<suite>
<stat pass="1" fail="0" skip="0" id="s1" name="Ruangguru">Ruangguru</stat>
</suite>
</statistics>
<errors>
</errors>
</robot>
